------- FILE SimpleGame.asm LEVEL 1 PASS 2
      1  fffe					      processor	6502
      2  10000 ????
------- FILE vcs.h LEVEL 2 PASS 2
      0  10000 ????				       include	"vcs.h"
      1  10000 ????						; VCS.H
      2  10000 ????						; Version 1.05, 13/November/2003
      3  10000 ????
      4  10000 ????		00 69	    VERSION_VCS =	105
      5  10000 ????
      6  10000 ????						; THIS IS A PRELIMINARY RELEASE OF *THE* "STANDARD" VCS.H
      7  10000 ????						; THIS FILE IS EXPLICITLY SUPPORTED AS A DASM-PREFERRED COMPANION FILE
      8  10000 ????						; PLEASE DO *NOT* REDISTRIBUTE THIS FILE!
      9  10000 ????						;
     10  10000 ????						; This file defines hardware registers and memory mapping for the
     11  10000 ????						; Atari 2600. It is distributed as a companion machine-specific support package
     12  10000 ????						; for the DASM compiler. Updates to this file, DASM, and associated tools are
     13  10000 ????						; available at at http://www.atari2600.org/dasm
     14  10000 ????						;
     15  10000 ????						; Many thanks to the original author(s) of this file, and to everyone who has
     16  10000 ????						; contributed to understanding the Atari 2600.  If you take issue with the
     17  10000 ????						; contents, or naming of registers, please write to me (atari2600@taswegian.com)
     18  10000 ????						; with your views.  Please contribute, if you think you can improve this
     19  10000 ????						; file!
     20  10000 ????						;
     21  10000 ????						; Latest Revisions...
     22  10000 ????						; 1.05  13/NOV/2003	  - Correction to 1.04 - now functions as requested by MR.
     23  10000 ????						;			  - Added VERSION_VCS equate (which will reflect 100x version #)
     24  10000 ????						;			    This will allow conditional code to verify VCS.H being
     25  10000 ????						;			    used for code assembly.
     26  10000 ????						; 1.04  12/NOV/2003	 Added TIA_BASE_WRITE_ADDRESS and TIA_BASE_READ_ADDRESS for
     27  10000 ????						;			 convenient disassembly/reassembly compatibility for hardware
     28  10000 ????						;			 mirrored reading/writing differences.	This is more a 
     29  10000 ????						;			 readability issue, and binary compatibility with disassembled
     30  10000 ????						;			 and reassembled sources.  Per Manuel Rotschkar's suggestion.
     31  10000 ????						; 1.03  12/MAY/2003	 Added SEG segment at end of file to fix old-code compatibility
     32  10000 ????						;			 which was broken by the use of segments in this file, as
     33  10000 ????						;			 reported by Manuel Polik on [stella] 11/MAY/2003
     34  10000 ????						; 1.02  22/MAR/2003	 Added TIMINT($285)
     35  10000 ????						; 1.01				Constant offset added to allow use for 3F-style bankswitching
     36  10000 ????						;						 - define TIA_BASE_ADDRESS as $40 for Tigervision carts, otherwise
     37  10000 ????						;						   it is safe to leave it undefined, and the base address will
     38  10000 ????						;						   be set to 0.  Thanks to Eckhard Stolberg for the suggestion.
     39  10000 ????						;			    Note, may use -DLABEL=EXPRESSION to define TIA_BASE_ADDRESS
     40  10000 ????						;			  - register definitions are now generated through assignment
     41  10000 ????						;			    in uninitialised segments.	This allows a changeable base
     42  10000 ????						;			    address architecture.
     43  10000 ????						; 1.0	22/MAR/2003		Initial release
     44  10000 ????
     45  10000 ????
     46  10000 ????						;-------------------------------------------------------------------------------
     47  10000 ????
     48  10000 ????						; TIA_BASE_ADDRESS
     49  10000 ????						; The TIA_BASE_ADDRESS defines the base address of access to TIA registers.
     50  10000 ????						; Normally 0, the base address should (externally, before including this file)
     51  10000 ????						; be set to $40 when creating 3F-bankswitched (and other?) cartridges.
     52  10000 ????						; The reason is that this bankswitching scheme treats any access to locations
     53  10000 ????						; < $40 as a bankswitch.
     54  10000 ????
     55  10000 ????			   -	       IFNCONST	TIA_BASE_ADDRESS
     56  10000 ????			   -TIA_BASE_ADDRESS =	0
     57  10000 ????				       ENDIF
     58  10000 ????
     59  10000 ????						; Note: The address may be defined on the command-line using the -D switch, eg:
     60  10000 ????						; dasm.exe code.asm -DTIA_BASE_ADDRESS=$40 -f3 -v5 -ocode.bin
     61  10000 ????						; *OR* by declaring the label before including this file, eg:
     62  10000 ????						; TIA_BASE_ADDRESS = $40
     63  10000 ????						;   include "vcs.h"
     64  10000 ????
     65  10000 ????						; Alternate read/write address capability - allows for some disassembly compatibility
     66  10000 ????						; usage ; to allow reassembly to binary perfect copies).  This is essentially catering
     67  10000 ????						; for the mirrored ROM hardware registers.
     68  10000 ????
     69  10000 ????						; Usage: As per above, define the TIA_BASE_READ_ADDRESS and/or TIA_BASE_WRITE_ADDRESS
     70  10000 ????						; using the -D command-line switch, as required.  If the addresses are not defined, 
     71  10000 ????						; they defaut to the TIA_BASE_ADDRESS.
     72  10000 ????
     73  10000 ????			   -	       IFNCONST	TIA_BASE_READ_ADDRESS
     74  10000 ????			   -TIA_BASE_READ_ADDRESS =	TIA_BASE_ADDRESS
     75  10000 ????				       ENDIF
     76  10000 ????
     77  10000 ????			   -	       IFNCONST	TIA_BASE_WRITE_ADDRESS
     78  10000 ????			   -TIA_BASE_WRITE_ADDRESS =	TIA_BASE_ADDRESS
     79  10000 ????				       ENDIF
     80  10000 ????
     81  10000 ????						;-------------------------------------------------------------------------------
     82  10000 ????
     83 U002d ????				      SEG.U	TIA_REGISTERS_WRITE
     84 U0000					      ORG	TIA_BASE_WRITE_ADDRESS
     85 U0000
     86 U0000							; DO NOT CHANGE THE RELATIVE ORDERING OF REGISTERS!
     87 U0000
     88 U0000		       00	   VSYNC      ds	1	; $00	 0000 00x0   Vertical Sync Set-Clear
     89 U0001		       00	   VBLANK     ds	1	; $01	 xx00 00x0   Vertical Blank Set-Clear
     90 U0002		       00	   WSYNC      ds	1	; $02	 ---- ----   Wait for Horizontal Blank
     91 U0003		       00	   RSYNC      ds	1	; $03	 ---- ----   Reset Horizontal Sync Counter
     92 U0004		       00	   NUSIZ0     ds	1	; $04	 00xx 0xxx   Number-Size player/missle 0
     93 U0005		       00	   NUSIZ1     ds	1	; $05	 00xx 0xxx   Number-Size player/missle 1
     94 U0006		       00	   COLUP0     ds	1	; $06	 xxxx xxx0   Color-Luminance Player 0
     95 U0007		       00	   COLUP1     ds	1	; $07	 xxxx xxx0   Color-Luminance Player 1
     96 U0008		       00	   COLUPF     ds	1	; $08	 xxxx xxx0   Color-Luminance Playfield
     97 U0009		       00	   COLUBK     ds	1	; $09	 xxxx xxx0   Color-Luminance Background
     98 U000a		       00	   CTRLPF     ds	1	; $0A	 00xx 0xxx   Control Playfield, Ball, Collisions
     99 U000b		       00	   REFP0      ds	1	; $0B	 0000 x000   Reflection Player 0
    100 U000c		       00	   REFP1      ds	1	; $0C	 0000 x000   Reflection Player 1
    101 U000d		       00	   PF0	      ds	1	; $0D	 xxxx 0000   Playfield Register Byte 0
    102 U000e		       00	   PF1	      ds	1	; $0E	 xxxx xxxx   Playfield Register Byte 1
    103 U000f		       00	   PF2	      ds	1	; $0F	 xxxx xxxx   Playfield Register Byte 2
    104 U0010		       00	   RESP0      ds	1	; $10	 ---- ----   Reset Player 0
    105 U0011		       00	   RESP1      ds	1	; $11	 ---- ----   Reset Player 1
    106 U0012		       00	   RESM0      ds	1	; $12	 ---- ----   Reset Missle 0
    107 U0013		       00	   RESM1      ds	1	; $13	 ---- ----   Reset Missle 1
    108 U0014		       00	   RESBL      ds	1	; $14	 ---- ----   Reset Ball
    109 U0015		       00	   AUDC0      ds	1	; $15	 0000 xxxx   Audio Control 0
    110 U0016		       00	   AUDC1      ds	1	; $16	 0000 xxxx   Audio Control 1
    111 U0017		       00	   AUDF0      ds	1	; $17	 000x xxxx   Audio Frequency 0
    112 U0018		       00	   AUDF1      ds	1	; $18	 000x xxxx   Audio Frequency 1
    113 U0019		       00	   AUDV0      ds	1	; $19	 0000 xxxx   Audio Volume 0
    114 U001a		       00	   AUDV1      ds	1	; $1A	 0000 xxxx   Audio Volume 1
    115 U001b		       00	   GRP0       ds	1	; $1B	 xxxx xxxx   Graphics Register Player 0
    116 U001c		       00	   GRP1       ds	1	; $1C	 xxxx xxxx   Graphics Register Player 1
    117 U001d		       00	   ENAM0      ds	1	; $1D	 0000 00x0   Graphics Enable Missle 0
    118 U001e		       00	   ENAM1      ds	1	; $1E	 0000 00x0   Graphics Enable Missle 1
    119 U001f		       00	   ENABL      ds	1	; $1F	 0000 00x0   Graphics Enable Ball
    120 U0020		       00	   HMP0       ds	1	; $20	 xxxx 0000   Horizontal Motion Player 0
    121 U0021		       00	   HMP1       ds	1	; $21	 xxxx 0000   Horizontal Motion Player 1
    122 U0022		       00	   HMM0       ds	1	; $22	 xxxx 0000   Horizontal Motion Missle 0
    123 U0023		       00	   HMM1       ds	1	; $23	 xxxx 0000   Horizontal Motion Missle 1
    124 U0024		       00	   HMBL       ds	1	; $24	 xxxx 0000   Horizontal Motion Ball
    125 U0025		       00	   VDELP0     ds	1	; $25	 0000 000x   Vertical Delay Player 0
    126 U0026		       00	   VDELP1     ds	1	; $26	 0000 000x   Vertical Delay Player 1
    127 U0027		       00	   VDELBL     ds	1	; $27	 0000 000x   Vertical Delay Ball
    128 U0028		       00	   RESMP0     ds	1	; $28	 0000 00x0   Reset Missle 0 to Player 0
    129 U0029		       00	   RESMP1     ds	1	; $29	 0000 00x0   Reset Missle 1 to Player 1
    130 U002a		       00	   HMOVE      ds	1	; $2A	 ---- ----   Apply Horizontal Motion
    131 U002b		       00	   HMCLR      ds	1	; $2B	 ---- ----   Clear Horizontal Move Registers
    132 U002c		       00	   CXCLR      ds	1	; $2C	 ---- ----   Clear Collision Latches
    133 U002d
    134 U002d							;-------------------------------------------------------------------------------
    135 U002d
    136 U000e ????				      SEG.U	TIA_REGISTERS_READ
    137 U0000					      ORG	TIA_BASE_READ_ADDRESS
    138 U0000
    139 U0000							;											bit 7	 bit 6
    140 U0000		       00	   CXM0P      ds	1	; $00	     xx00 0000	     Read Collision  M0-P1   M0-P0
    141 U0001		       00	   CXM1P      ds	1	; $01	     xx00 0000			     M1-P0   M1-P1
    142 U0002		       00	   CXP0FB     ds	1	; $02	     xx00 0000			     P0-PF   P0-BL
    143 U0003		       00	   CXP1FB     ds	1	; $03	     xx00 0000			     P1-PF   P1-BL
    144 U0004		       00	   CXM0FB     ds	1	; $04	     xx00 0000			     M0-PF   M0-BL
    145 U0005		       00	   CXM1FB     ds	1	; $05	     xx00 0000			     M1-PF   M1-BL
    146 U0006		       00	   CXBLPF     ds	1	; $06	     x000 0000			     BL-PF   -----
    147 U0007		       00	   CXPPMM     ds	1	; $07	     xx00 0000			     P0-P1   M0-M1
    148 U0008		       00	   INPT0      ds	1	; $08	     x000 0000	     Read Pot Port 0
    149 U0009		       00	   INPT1      ds	1	; $09	     x000 0000	     Read Pot Port 1
    150 U000a		       00	   INPT2      ds	1	; $0A	     x000 0000	     Read Pot Port 2
    151 U000b		       00	   INPT3      ds	1	; $0B	     x000 0000	     Read Pot Port 3
    152 U000c		       00	   INPT4      ds	1	; $0C		x000 0000	 Read Input (Trigger) 0
    153 U000d		       00	   INPT5      ds	1	; $0D		x000 0000	 Read Input (Trigger) 1
    154 U000e
    155 U000e							;-------------------------------------------------------------------------------
    156 U000e
    157 U0298 ????				      SEG.U	RIOT
    158 U0280					      ORG	$280
    159 U0280
    160 U0280							; RIOT MEMORY MAP
    161 U0280
    162 U0280		       00	   SWCHA      ds	1	; $280      Port A data register for joysticks:
    163 U0281							;			Bits 4-7 for player 1.  Bits 0-3 for player 2.
    164 U0281
    165 U0281		       00	   SWACNT     ds	1	; $281      Port A data direction register (DDR)
    166 U0282		       00	   SWCHB      ds	1	; $282		Port B data (console switches)
    167 U0283		       00	   SWBCNT     ds	1	; $283      Port B DDR
    168 U0284		       00	   INTIM      ds	1	; $284		Timer output
    169 U0285
    170 U0285		       00	   TIMINT     ds	1	; $285
    171 U0286
    172 U0286							; Unused/undefined registers ($285-$294)
    173 U0286
    174 U0286		       00		      ds	1	; $286
    175 U0287		       00		      ds	1	; $287
    176 U0288		       00		      ds	1	; $288
    177 U0289		       00		      ds	1	; $289
    178 U028a		       00		      ds	1	; $28A
    179 U028b		       00		      ds	1	; $28B
    180 U028c		       00		      ds	1	; $28C
    181 U028d		       00		      ds	1	; $28D
    182 U028e		       00		      ds	1	; $28E
    183 U028f		       00		      ds	1	; $28F
    184 U0290		       00		      ds	1	; $290
    185 U0291		       00		      ds	1	; $291
    186 U0292		       00		      ds	1	; $292
    187 U0293		       00		      ds	1	; $293
    188 U0294
    189 U0294		       00	   TIM1T      ds	1	; $294		set 1 clock interval
    190 U0295		       00	   TIM8T      ds	1	; $295      set 8 clock interval
    191 U0296		       00	   TIM64T     ds	1	; $296      set 64 clock interval
    192 U0297		       00	   T1024T     ds	1	; $297      set 1024 clock interval
    193 U0298
    194 U0298							;-------------------------------------------------------------------------------
    195 U0298							; The following required for back-compatibility with code which does not use
    196 U0298							; segments.
    197 U0298
    198  0000 ????				      SEG
    199  0000 ????
    200  0000 ????						; EOF
------- FILE SimpleGame.asm
------- FILE macro.h LEVEL 2 PASS 2
      0  0000 ????				      include	"macro.h"
      1  0000 ????						; MACRO.H
      2  0000 ????						; Version 1.06, 3/SEPTEMBER/2004
      3  0000 ????
      4  0000 ????	       00 6a	   VERSION_MACRO =	106
      5  0000 ????
      6  0000 ????						;
      7  0000 ????						; THIS FILE IS EXPLICITLY SUPPORTED AS A DASM-PREFERRED COMPANION FILE
      8  0000 ????						; PLEASE DO *NOT* REDISTRIBUTE MODIFIED VERSIONS OF THIS FILE!
      9  0000 ????						;
     10  0000 ????						; This file defines DASM macros useful for development for the Atari 2600.
     11  0000 ????						; It is distributed as a companion machine-specific support package
     12  0000 ????						; for the DASM compiler. Updates to this file, DASM, and associated tools are
     13  0000 ????						; available at at http://www.atari2600.org/dasm
     14  0000 ????						;
     15  0000 ????						; Many thanks to the people who have contributed.  If you take issue with the
     16  0000 ????						; contents, or would like to add something, please write to me
     17  0000 ????						; (atari2600@taswegian.com) with your contribution.
     18  0000 ????						;
     19  0000 ????						; Latest Revisions...
     20  0000 ????						;
     21  0000 ????						; 1.06  03/SEP/2004	 - nice revision of VERTICAL_BLANK (Edwin Blink)
     22  0000 ????						; 1.05  14/NOV/2003	 - Added VERSION_MACRO equate (which will reflect 100x version #)
     23  0000 ????						;			   This will allow conditional code to verify MACRO.H being
     24  0000 ????						;			   used for code assembly.
     25  0000 ????						; 1.04  13/NOV/2003	 - SET_POINTER macro added (16-bit address load)
     26  0000 ????						;
     27  0000 ????						; 1.03  23/JUN/2003	 - CLEAN_START macro added - clears TIA, RAM, registers
     28  0000 ????						;
     29  0000 ????						; 1.02  14/JUN/2003	 - VERTICAL_SYNC macro added
     30  0000 ????						;			   (standardised macro for vertical synch code)
     31  0000 ????						; 1.01  22/MAR/2003	 - SLEEP macro added. 
     32  0000 ????						;			 - NO_ILLEGAL_OPCODES switch implemented
     33  0000 ????						; 1.0	22/MAR/2003		Initial release
     34  0000 ????
     35  0000 ????						; Note: These macros use illegal opcodes.  To disable illegal opcode usage, 
     36  0000 ????						;   define the symbol NO_ILLEGAL_OPCODES (-DNO_ILLEGAL_OPCODES=1 on command-line).
     37  0000 ????						;   If you do not allow illegal opcode usage, you must include this file 
     38  0000 ????						;   *after* including VCS.H (as the non-illegal opcodes access hardware
     39  0000 ????						;   registers and require them to be defined first).
     40  0000 ????
     41  0000 ????						; Available macros...
     42  0000 ????						;   SLEEP n		 - sleep for n cycles
     43  0000 ????						;   VERTICAL_SYNC	 - correct 3 scanline vertical synch code
     44  0000 ????						;   CLEAN_START	 - set machine to known state on startup
     45  0000 ????						;   SET_POINTER	 - load a 16-bit absolute to a 16-bit variable
     46  0000 ????
     47  0000 ????						;-------------------------------------------------------------------------------
     48  0000 ????						; SLEEP duration
     49  0000 ????						; Original author: Thomas Jentzsch
     50  0000 ????						; Inserts code which takes the specified number of cycles to execute.	This is
     51  0000 ????						; useful for code where precise timing is required.
     52  0000 ????						; ILLEGAL-OPCODE VERSION DOES NOT AFFECT FLAGS OR REGISTERS.
     53  0000 ????						; LEGAL OPCODE VERSION MAY AFFECT FLAGS
     54  0000 ????						; Uses illegal opcode (DASM 2.20.01 onwards).
     55  0000 ????
     56  0000 ????				      MAC	sleep
     57  0000 ????			   .CYCLES    SET	{1}
     58  0000 ????
     59  0000 ????				      IF	.CYCLES < 2
     60  0000 ????				      ECHO	"MACRO ERROR: 'SLEEP': Duration must be > 1"
     61  0000 ????				      ERR
     62  0000 ????				      ENDIF
     63  0000 ????
     64  0000 ????				      IF	.CYCLES & 1
     65  0000 ????				      IFNCONST	NO_ILLEGAL_OPCODES
     66  0000 ????				      nop	0
     67  0000 ????				      ELSE
     68  0000 ????				      bit	VSYNC
     69  0000 ????				      ENDIF
     70  0000 ????			   .CYCLES    SET	.CYCLES - 3
     71  0000 ????				      ENDIF
     72  0000 ????
     73  0000 ????				      REPEAT	.CYCLES / 2
     74  0000 ????				      nop
     75  0000 ????				      REPEND
     76  0000 ????				      ENDM		;usage: SLEEP n (n>1)
     77  0000 ????
     78  0000 ????						;-------------------------------------------------------------------------------
     79  0000 ????						; VERTICAL_SYNC
     80  0000 ????						; revised version by Edwin Blink -- saves bytes!
     81  0000 ????						; Inserts the code required for a proper 3 scanline vertical sync sequence
     82  0000 ????						; Note: Alters the accumulator
     83  0000 ????
     84  0000 ????						; OUT: A = 0
     85  0000 ????
     86  0000 ????				      MAC	vertical_sync
     87  0000 ????				      lda	#%1110	; each '1' bits generate a VSYNC ON line (bits 1..3)
     88  0000 ????			   .VSLP1     sta	WSYNC	; 1st '0' bit resets Vsync, 2nd '0' bit exit loop
     89  0000 ????				      sta	VSYNC
     90  0000 ????				      lsr
     91  0000 ????				      bne	.VSLP1	; branch until VYSNC has been reset
     92  0000 ????				      ENDM
     93  0000 ????
     94  0000 ????						;-------------------------------------------------------------------------------
     95  0000 ????						; CLEAN_START
     96  0000 ????						; Original author: Andrew Davie
     97  0000 ????						; Standardised start-up code, clears stack, all TIA registers and RAM to 0
     98  0000 ????						; Sets stack pointer to $FF, and all registers to 0
     99  0000 ????						; Sets decimal mode off, sets interrupt flag (kind of un-necessary)
    100  0000 ????						; Use as very first section of code on boot (ie: at reset)
    101  0000 ????						; Code written to minimise total ROM usage - uses weird 6502 knowledge :)
    102  0000 ????
    103  0000 ????				      MAC	clean_start
    104  0000 ????				      sei
    105  0000 ????				      cld
    106  0000 ????
    107  0000 ????				      ldx	#0
    108  0000 ????				      txa
    109  0000 ????				      tay
    110  0000 ????			   .CLEAR_STACK dex
    111  0000 ????				      txs
    112  0000 ????				      pha
    113  0000 ????				      bne	.CLEAR_STACK	; SP=$FF, X = A = Y = 0
    114  0000 ????
    115  0000 ????				      ENDM
    116  0000 ????
    117  0000 ????						;-------------------------------------------------------
    118  0000 ????						; SET_POINTER
    119  0000 ????						; Original author: Manuel Rotschkar
    120  0000 ????						;
    121  0000 ????						; Sets a 2 byte RAM pointer to an absolute address.
    122  0000 ????						;
    123  0000 ????						; Usage: SET_POINTER pointer, address
    124  0000 ????						; Example: SET_POINTER SpritePTR, SpriteData
    125  0000 ????						;
    126  0000 ????						; Note: Alters the accumulator, NZ flags
    127  0000 ????						; IN 1: 2 byte RAM location reserved for pointer
    128  0000 ????						; IN 2: absolute address
    129  0000 ????
    130  0000 ????				      MAC	set_pointer
    131  0000 ????			   .POINTER   SET	{1}
    132  0000 ????			   .ADDRESS   SET	{2}
    133  0000 ????
    134  0000 ????				      LDA	#<.ADDRESS	; Get Lowbyte of Address
    135  0000 ????				      STA	.POINTER	; Store in pointer
    136  0000 ????				      LDA	#>.ADDRESS	; Get Hibyte of Address
    137  0000 ????				      STA	.POINTER+1	; Store in pointer+1
    138  0000 ????
    139  0000 ????				      ENDM
    140  0000 ????
    141  0000 ????						;-------------------------------------------------------
    142  0000 ????						; BOUNDARY byte#
    143  0000 ????						; Original author: Denis Debro (borrowed from Bob Smith / Thomas)
    144  0000 ????						;
    145  0000 ????						; Push data to a certain position inside a page and keep count of how
    146  0000 ????						; many free bytes the programmer will have.
    147  0000 ????						;
    148  0000 ????						; eg: BOUNDARY 5    ; position at byte #5 in page
    149  0000 ????
    150  0000 ????			   .FREE_BYTES SET	0
    151  0000 ????				      MAC	boundary
    152  0000 ????				      REPEAT	256
    153  0000 ????				      IF	<. % {1} = 0
    154  0000 ????				      MEXIT
    155  0000 ????				      ELSE
    156  0000 ????			   .FREE_BYTES SET	.FREE_BYTES + 1
    157  0000 ????				      .byte	$00
    158  0000 ????				      ENDIF
    159  0000 ????				      REPEND
    160  0000 ????				      ENDM
    161  0000 ????
    162  0000 ????						;-------------------------------------------------------
    163  0000 ????						; SKIP_SCANLINES #lines
    164  0000 ????						;
    165  0000 ????						; Skip a given # of scanlines.
    166  0000 ????						; Sets the X register to zero.
    167  0000 ????
    168  0000 ????				      MAC	skip_scanlines
    169  0000 ????			   .LINES     SET	{1}
    170  0000 ????				      ldx	#.LINES
    171  0000 ????			   .vblank    sta	WSYNC
    172  0000 ????				      dex
    173  0000 ????				      bne	.vblank
    174  0000 ????				      ENDM
    175  0000 ????
    176  0000 ????						; EOF
------- FILE SimpleGame.asm
      5  0000 ????
      6 U0086 ????				      SEG.U	Variables
      7 U0080					      ORG	$80
      8 U0080		       00	   xPos       byte.b
      9 U0081		       00	   yPos       byte.b
     10 U0082		       00	   yHeight    byte.b
     11 U0083		       00	   maxHeight  byte.b
     12 U0084		       00	   canJump    byte.b
     13 U0085
     14 U0085		       00	   missileXPos byte.b
     15 U0086
     16  10000 ????				       SEG	Code
     17  f000					      ORG	$F000
     18  f000
     19  f000				   Reset
      0  f000					      CLEAN_START
      1  f000		       78		      sei
      2  f001		       d8		      cld
      3  f002
      4  f002		       a2 00		      ldx	#0
      5  f004		       8a		      txa
      6  f005		       a8		      tay
      7  f006		       ca	   .CLEAR_STACK dex
      8  f007		       9a		      txs
      9  f008		       48		      pha
     10  f009		       d0 fb		      bne	.CLEAR_STACK
     11  f00b
     21  f00b
     22  f00b		       a2 7e		      ldx	#$7E
     23  f00d		       86 09		      stx	COLUBK	;Bg col
     24  f00f
     25  f00f		       a2 d0		      ldx	#$D0	;Playfield col
     26  f011		       86 08		      stx	COLUPF
     27  f013
     28  f013		       a9 0a		      lda	#10
     29  f015		       85 80		      sta	xPos	;Init player start pos
     30  f017
     31  f017		       a9 20		      lda	#32	;Elements in the array
     32  f019		       85 82		      sta	yHeight
     33  f01b
     34  f01b		       a9 50		      lda	#80
     35  f01d		       85 83		      sta	maxHeight
     36  f01f
     37  f01f		       a9 02		      lda	#2
     38  f021		       85 84		      sta	canJump
     39  f023
     40  f023				   StartFrame
     41  f023		       a9 02		      lda	#2
     42  f025		       85 01		      sta	VBLANK
     43  f027		       85 00		      sta	VSYNC
     44  f029
     45  f029		       a2 04		      ldx	#4
     46  f02b				   VSync		;Three lines of VSYNC
     47  f02b		       ca		      dex
     48  f02c		       85 02		      sta	WSYNC
     49  f02e		       d0 fb		      bne	VSync
     50  f030
     51  f030		       a9 00		      lda	#0
     52  f032		       85 00		      sta	VSYNC	;Disable VSYNC
     53  f034
     54  f034							;;;;;;;;;;;;;;;;;;;;;;;;;;;;;;;;;;;;;;;;;;;;;;;;;;;;;;;;;;;;;;;;
     55  f034							;; Use VBLANK to set player horizontal pos
     56  f034							;;;;;;;;;;;;;;;;;;;;;;;;;;;;;;;;;;;;;;;;;;;;;;;;;;;;;;;;;;;;;;;;
     57  f034		       a5 80		      lda	xPos
     58  f036		       29 7f		      and	#$7F	;Restricts pos within -8-7 cutting off anything higher
     59  f038		       85 02		      sta	WSYNC
     60  f03a		       85 2b		      sta	HMCLR
     61  f03c
     62  f03c		       38		      sec		;Carry flag
     63  f03d				   DivideLoop
     64  f03d		       e9 0f		      sbc	#15	; subtract 15 from the accumulator
     65  f03f		       b0 fc		      bcs	DivideLoop	;While carry flag is set, loop
     66  f041		       49 07		      eor	#7
     67  f043					      REPEAT	4	;Shift left 4 times for the TIA
     68  f043		       0a		      ASL
     67  f043					      REPEND
     68  f044		       0a		      ASL
     67  f044					      REPEND
     68  f045		       0a		      ASL
     67  f045					      REPEND
     68  f046		       0a		      ASL
     69  f047					      REPEND
     70  f047		       85 20		      sta	HMP0
     71  f049		       85 10		      sta	RESP0
     72  f04b		       85 02		      sta	WSYNC
     73  f04d		       85 2a		      sta	HMOVE
     74  f04f
     75  f04f		       a2 24		      ldx	#36
     76  f051				   VBlank		;Output remaining VBLANK
     77  f051		       ca		      DEX
     78  f052		       85 02		      sta	WSYNC
     79  f054		       d0 fb		      bne	VBlank
     80  f056
     81  f056		       a9 00		      lda	#0
     82  f058		       85 01		      sta	VBLANK
     83  f05a
     84  f05a							;;;;;;;;;;;;;;;;;;;;;;;;;;;;;;;;;;;;;;;;;;;;;;;;;;;;;;;;;;;;;;;;
     85  f05a							;; 242 (PAL) Visible scanlines
     86  f05a							;;;;;;;;;;;;;;;;;;;;;;;;;;;;;;;;;;;;;;;;;;;;;;;;;;;;;;;;;;;;;;;;
     87  f05a		       a2 d6		      ldx	#214
     88  f05c
     89  f05c				   Scanline
     90  f05c		       8a		      txa
     91  f05d		       38		      SEC
     92  f05e		       e5 81		      sbc	yPos
     93  f060		       c5 82		      cmp	yHeight
     94  f062		       90 02		      bcc	LoadPlayerBitmap
     95  f064
     96  f064		       a9 00		      lda	#0
     97  f066
     98  f066				   LoadPlayerBitmap
     99  f066		       a8		      tay
    100  f067		       b9 e7 f0 	      lda	pBitmap,Y	;A is our scanline, so iterate arr based on that
    101  f06a		       85 02		      sta	WSYNC
    102  f06c		       85 1b		      sta	GRP0	;Set p graphic address
    103  f06e		       b9 07 f1 	      lda	pCol,Y	;Get col same as bitmap
    104  f071		       85 06		      sta	COLUP0
    105  f073		       ca		      dex
    106  f074		       d0 e6		      bne	Scanline
    107  f076
    108  f076		       a9 02		      lda	#2
    109  f078		       85 01		      sta	VBLANK
    110  f07a		       a6 1f		      ldx	31
    111  f07c
    112  f07c				   Overscan
    113  f07c		       ca		      dex
    114  f07d		       85 02		      sta	WSYNC
    115  f07f		       d0 fb		      bne	Overscan
    116  f081
    117  f081		       a9 00		      lda	#0
    118  f083		       85 01		      sta	VBLANK
    119  f085							;;;;;;;;;;;;;;;;;;;;;;;;;;;;;;;;;;;;;;;;;;;;;;;;;;;;;;;;;;;;;;;;
    120  f085							;; Joystick input test for P0 up/down/left/right
    121  f085							;;;;;;;;;;;;;;;;;;;;;;;;;;;;;;;;;;;;;;;;;;;;;;;;;;;;;;;;;;;;;;;;
    122  f085							; CheckP0Up:
    123  f085							;     lda #%00010000
    124  f085							;     bit SWCHA
    125  f085							;     bne CheckP0Down
    126  f085							;     inc yPos
    127  f085
    128  f085							; CheckP0Down:
    129  f085							;     lda #%00100000
    130  f085							;     bit SWCHA
    131  f085							;     bne CheckP0Left
    132  f085							;     dec yPos
    133  f085
    134  f085				   CheckP0Left
    135  f085		       a9 40		      lda	#%01000000
    136  f087		       2c 80 02 	      bit	SWCHA
    137  f08a		       d0 02		      bne	CheckP0Right
    138  f08c		       c6 80		      dec	xPos
    139  f08e
    140  f08e				   CheckP0Right
    141  f08e		       a9 80		      lda	#%10000000
    142  f090		       2c 80 02 	      bit	SWCHA
    143  f093		       d0 02		      bne	CheckFire
    144  f095		       e6 80		      inc	xPos
    145  f097
    146  f097				   CheckFire
    147  f097		       a9 02		      lda	#2
    148  f099		       c5 84		      cmp	canJump
    149  f09b		       d0 35		      bne	NoInput
    150  f09d		       a9 80		      lda	#%10000000
    151  f09f		       24 0c		      bit	INPT4
    152  f0a1		       d0 2f		      bne	NoInput
    153  f0a3		       4c a6 f0 	      jmp	JumpPlayer
    154  f0a6
    155  f0a6				   JumpPlayer
    156  f0a6		       18		      clc
    157  f0a7		       a5 83		      lda	maxHeight
    158  f0a9		       c5 81		      cmp	yPos
    159  f0ab		       90 25		      bcc	NoInput
    160  f0ad					      REPEAT	15
    161  f0ad		       e6 81		      inc	yPos
    160  f0ad					      REPEND
    161  f0af		       e6 81		      inc	yPos
    160  f0af					      REPEND
    161  f0b1		       e6 81		      inc	yPos
    160  f0b1					      REPEND
    161  f0b3		       e6 81		      inc	yPos
    160  f0b3					      REPEND
    161  f0b5		       e6 81		      inc	yPos
    160  f0b5					      REPEND
    161  f0b7		       e6 81		      inc	yPos
    160  f0b7					      REPEND
    161  f0b9		       e6 81		      inc	yPos
    160  f0b9					      REPEND
    161  f0bb		       e6 81		      inc	yPos
    160  f0bb					      REPEND
    161  f0bd		       e6 81		      inc	yPos
    160  f0bd					      REPEND
    161  f0bf		       e6 81		      inc	yPos
    160  f0bf					      REPEND
    161  f0c1		       e6 81		      inc	yPos
    160  f0c1					      REPEND
    161  f0c3		       e6 81		      inc	yPos
    160  f0c3					      REPEND
    161  f0c5		       e6 81		      inc	yPos
    160  f0c5					      REPEND
    161  f0c7		       e6 81		      inc	yPos
    160  f0c7					      REPEND
    161  f0c9		       e6 81		      inc	yPos
    162  f0cb					      REPEND
    163  f0cb		       a9 00		      lda	#0
    164  f0cd		       85 84		      sta	canJump
    165  f0cf		       4c e4 f0 	      jmp	NextFrame
    166  f0d2				   NoInput
    167  f0d2							; fallback when no input was performed
    168  f0d2
    169  f0d2		       a9 00		      lda	#0
    170  f0d4				   Gravity
    171  f0d4		       c5 81		      cmp	yPos
    172  f0d6		       f0 05		      beq	ZeroPos
    173  f0d8		       c6 81		      dec	yPos
    174  f0da		       4c e4 f0 	      jmp	NextFrame
    175  f0dd
    176  f0dd				   ZeroPos
    177  f0dd		       a9 02		      lda	#2
    178  f0df		       85 84		      sta	canJump
    179  f0e1		       4c e4 f0 	      jmp	NextFrame
    180  f0e4				   NextFrame
    181  f0e4		       4c 23 f0 	      jmp	StartFrame
    182  f0e7
    183  f0e7				   pBitmap
    184  f0e7		       00		      byte.b	#%00000000
    185  f0e8		       3e		      byte.b	#%00111110
    186  f0e9		       36		      byte.b	#%00110110
    187  f0ea		       36		      byte.b	#%00110110
    188  f0eb		       2a		      byte.b	#%00101010
    189  f0ec		       12		      byte.b	#%00010010
    190  f0ed		       3f		      byte.b	#%00111111
    191  f0ee
    192  f0ee		       0c		      byte.b	#%00001100
    193  f0ef		       0c		      byte.b	#%00001100
    194  f0f0
    195  f0f0		       0e		      byte.b	#%0001110
    196  f0f1		       3e		      byte.b	#%00111110
    197  f0f2
    198  f0f2		       bd		      byte.b	#%10111101
    199  f0f3		       bd		      byte.b	#%10111101
    200  f0f4		       bd		      byte.b	#%10111101
    201  f0f5		       bd		      byte.b	#%10111101
    202  f0f6		       bd		      byte.b	#%10111101
    203  f0f7		       bd		      byte.b	#%10111101
    204  f0f8		       bd		      byte.b	#%10111101
    205  f0f9		       bd		      byte.b	#%10111101
    206  f0fa		       bd		      byte.b	#%10111101
    207  f0fb		       bd		      byte.b	#%10111101
    208  f0fc		       bd		      byte.b	#%10111101
    209  f0fd
    210  f0fd		       3c		      byte.b	#%00111100
    211  f0fe		       24		      byte.b	#%00100100
    212  f0ff		       24		      byte.b	#%00100100
    213  f100		       24		      byte.b	#%00100100
    214  f101		       24		      byte.b	#%00100100
    215  f102		       24		      byte.b	#%00100100
    216  f103		       24		      byte.b	#%00100100
    217  f104		       24		      byte.b	#%00100100
    218  f105		       24		      byte.b	#%00100100
    219  f106
    220  f106		       6c		      byte.b	#%01101100
    221  f107							;;;;;;;;;;;;;;;;;;;;;;;;;;;;;;;;;;;;;;;;;;;;;;;;;;;;;;;;;;;;;;;;
    222  f107							;; Lookup table for the player colors
    223  f107							;;;;;;;;;;;;;;;;;;;;;;;;;;;;;;;;;;;;;;;;;;;;;;;;;;;;;;;;;;;;;;;;
    224  f107				   pCol
    225  f107		       00		      byte.b	#$00
    226  f108		       00		      byte.b	#$00
    227  f109		       40		      byte.b	#$40
    228  f10a		       40		      byte.b	#$40
    229  f10b		       40		      byte.b	#$40
    230  f10c		       40		      byte.b	#$40
    231  f10d		       42		      byte.b	#$42
    232  f10e		       42		      byte.b	#$42
    233  f10f		       44		      byte.b	#$44
    234  f110		       d2		      byte.b	#$D2
    235  f111		       d2		      byte.b	#$D2
    236  f112		       00		      byte.b	#$00
    237  f113		       40		      byte.b	#$40
    238  f114		       40		      byte.b	#$40
    239  f115		       40		      byte.b	#$40
    240  f116		       40		      byte.b	#$40
    241  f117		       42		      byte.b	#$42
    242  f118		       42		      byte.b	#$42
    243  f119		       44		      byte.b	#$44
    244  f11a		       d2		      byte.b	#$D2
    245  f11b		       d2		      byte.b	#$D2
    246  f11c		       00		      byte.b	#$00
    247  f11d		       40		      byte.b	#$40
    248  f11e		       40		      byte.b	#$40
    249  f11f		       40		      byte.b	#$40
    250  f120		       40		      byte.b	#$40
    251  f121		       42		      byte.b	#$42
    252  f122		       42		      byte.b	#$42
    253  f123		       44		      byte.b	#$44
    254  f124		       d2		      byte.b	#$D2
    255  f125		       d2		      byte.b	#$D2
    256  f126		       d2		      byte.b	#$D2
    257  f127							;;;;;;;;;;;;;;;;;;;;;;;;;;;;;;;;;;;;;;;;;;;;;;;;;;;;;;;;;;;;;;;;
    258  f127							;; Complete ROM size
    259  f127							;;;;;;;;;;;;;;;;;;;;;;;;;;;;;;;;;;;;;;;;;;;;;;;;;;;;;;;;;;;;;;;;
    260  fffc					      org	$FFFC
    261  fffc		       00 f0		      word.w	Reset
    262  fffe		       00 f0		      word.w	Reset
